Conky: forked to background, pid is 1199
Conky: forked to background, pid is 1203

Conky: desktop window (b0) is root window
Conky: window type - normal
Conky: drawing to created window (0x1a00002)
Conky: forked to background, pid is 1209
Conky: drawing to double buffer

Conky: forked to background, pid is 1216
Conky: desktop window (b0) is root window
Conky: window type - normal
Conky: drawing to created window (0x3400002)
Conky: drawing to double buffer

Conky: forked to background, pid is 1223

Conky: desktop window (b0) is root window
Conky: window type - normal
Conky: drawing to created window (0x3600002)
Conky: drawing to double buffer

Conky: desktop window (b0) is root window
Conky: window type - normal
Conky: drawing to created window (0x3800002)
Conky: drawing to double buffer
Conky: desktop window (b0) is root window
Conky: window type - normal
Conky: drawing to created window (0x3a00002)
Conky: drawing to double buffer
/usr/lib/ruby/1.9.1/net/imap.rb:1034:in `initialize': getaddrinfo: Name or service not known (SocketError)
	from /usr/lib/ruby/1.9.1/net/imap.rb:1034:in `open'
	from /usr/lib/ruby/1.9.1/net/imap.rb:1034:in `initialize'
	from /var/lib/gems/1.9.1/gems/ruby-gmail-0.3.1/lib/gmail.rb:21:in `new'
	from /var/lib/gems/1.9.1/gems/ruby-gmail-0.3.1/lib/gmail.rb:21:in `initialize'
	from /home/jprice/.conky/scripts/gmail.rb:5:in `new'
	from /home/jprice/.conky/scripts/gmail.rb:5:in `<main>'
/usr/lib/ruby/1.9.1/net/http.rb:762:in `initialize': getaddrinfo: Name or service not known (SocketError)
	from /usr/lib/ruby/1.9.1/net/http.rb:762:in `open'
	from /usr/lib/ruby/1.9.1/net/http.rb:762:in `block in connect'
	from /usr/lib/ruby/1.9.1/timeout.rb:54:in `timeout'
	from /usr/lib/ruby/1.9.1/timeout.rb:99:in `timeout'
	from /usr/lib/ruby/1.9.1/net/http.rb:762:in `connect'
	from /usr/lib/ruby/1.9.1/net/http.rb:755:in `do_start'
	from /usr/lib/ruby/1.9.1/net/http.rb:744:in `start'
	from /var/lib/gems/1.9.1/gems/rest-client-1.7.2/lib/restclient/request.rb:413:in `transmit'
	from /var/lib/gems/1.9.1/gems/rest-client-1.7.2/lib/restclient/request.rb:176:in `execute'
	from /var/lib/gems/1.9.1/gems/rest-client-1.7.2/lib/restclient/request.rb:41:in `execute'
	from /var/lib/gems/1.9.1/gems/rest-client-1.7.2/lib/restclient.rb:65:in `get'
	from /home/jprice/.conky/scripts/weather.rb:15:in `<main>'
/usr/lib/ruby/1.9.1/net/imap.rb:1034:in `initialize': getaddrinfo: Name or service not known (SocketError)
	from /usr/lib/ruby/1.9.1/net/imap.rb:1034:in `open'
	from /usr/lib/ruby/1.9.1/net/imap.rb:1034:in `initialize'
	from /var/lib/gems/1.9.1/gems/ruby-gmail-0.3.1/lib/gmail.rb:21:in `new'
	from /var/lib/gems/1.9.1/gems/ruby-gmail-0.3.1/lib/gmail.rb:21:in `initialize'
	from /home/jprice/.conky/scripts/gmail.rb:5:in `new'
	from /home/jprice/.conky/scripts/gmail.rb:5:in `<main>'
/usr/lib/ruby/1.9.1/net/http.rb:762:in `initialize': getaddrinfo: Name or service not known (SocketError)
	from /usr/lib/ruby/1.9.1/net/http.rb:762:in `open'
	from /usr/lib/ruby/1.9.1/net/http.rb:762:in `block in connect'
	from /usr/lib/ruby/1.9.1/timeout.rb:54:in `timeout'
	from /usr/lib/ruby/1.9.1/timeout.rb:99:in `timeout'
	from /usr/lib/ruby/1.9.1/net/http.rb:762:in `connect'
	from /usr/lib/ruby/1.9.1/net/http.rb:755:in `do_start'
	from /usr/lib/ruby/1.9.1/net/http.rb:744:in `start'
	from /var/lib/gems/1.9.1/gems/rest-client-1.7.2/lib/restclient/request.rb:413:in `transmit'
	from /var/lib/gems/1.9.1/gems/rest-client-1.7.2/lib/restclient/request.rb:176:in `execute'
	from /var/lib/gems/1.9.1/gems/rest-client-1.7.2/lib/restclient/request.rb:41:in `execute'
	from /var/lib/gems/1.9.1/gems/rest-client-1.7.2/lib/restclient.rb:65:in `get'
	from /home/jprice/.conky/scripts/weather.rb:15:in `<main>'
/usr/lib/ruby/1.9.1/net/http.rb:762:in `initialize': getaddrinfo: Name or service not known (SocketError)
	from /usr/lib/ruby/1.9.1/net/http.rb:762:in `open'
	from /usr/lib/ruby/1.9.1/net/http.rb:762:in `block in connect'
	from /usr/lib/ruby/1.9.1/timeout.rb:54:in `timeout'
	from /usr/lib/ruby/1.9.1/timeout.rb:99:in `timeout'
	from /usr/lib/ruby/1.9.1/net/http.rb:762:in `connect'
	from /usr/lib/ruby/1.9.1/net/http.rb:755:in `do_start'
	from /usr/lib/ruby/1.9.1/net/http.rb:744:in `start'
	from /var/lib/gems/1.9.1/gems/rest-client-1.7.2/lib/restclient/request.rb:413:in `transmit'
	from /var/lib/gems/1.9.1/gems/rest-client-1.7.2/lib/restclient/request.rb:176:in `execute'
	from /var/lib/gems/1.9.1/gems/rest-client-1.7.2/lib/restclient/request.rb:41:in `execute'
	from /var/lib/gems/1.9.1/gems/rest-client-1.7.2/lib/restclient.rb:65:in `get'
	from /home/jprice/.conky/scripts/weather.rb:15:in `<main>'
/usr/lib/ruby/1.9.1/net/imap.rb:1034:in `initialize': getaddrinfo: Name or service not known (SocketError)
	from /usr/lib/ruby/1.9.1/net/imap.rb:1034:in `open'
	from /usr/lib/ruby/1.9.1/net/imap.rb:1034:in `initialize'
	from /var/lib/gems/1.9.1/gems/ruby-gmail-0.3.1/lib/gmail.rb:21:in `new'
	from /var/lib/gems/1.9.1/gems/ruby-gmail-0.3.1/lib/gmail.rb:21:in `initialize'
	from /home/jprice/.conky/scripts/gmail.rb:5:in `new'
	from /home/jprice/.conky/scripts/gmail.rb:5:in `<main>'
/usr/lib/ruby/1.9.1/net/http.rb:762:in `initialize': getaddrinfo: Name or service not known (SocketError)
	from /usr/lib/ruby/1.9.1/net/http.rb:762:in `open'
	from /usr/lib/ruby/1.9.1/net/http.rb:762:in `block in connect'
	from /usr/lib/ruby/1.9.1/timeout.rb:54:in `timeout'
	from /usr/lib/ruby/1.9.1/timeout.rb:99:in `timeout'
	from /usr/lib/ruby/1.9.1/net/http.rb:762:in `connect'
	from /usr/lib/ruby/1.9.1/net/http.rb:755:in `do_start'
	from /usr/lib/ruby/1.9.1/net/http.rb:744:in `start'
	from /var/lib/gems/1.9.1/gems/rest-client-1.7.2/lib/restclient/request.rb:413:in `transmit'
	from /var/lib/gems/1.9.1/gems/rest-client-1.7.2/lib/restclient/request.rb:176:in `execute'
	from /var/lib/gems/1.9.1/gems/rest-client-1.7.2/lib/restclient/request.rb:41:in `execute'
	from /var/lib/gems/1.9.1/gems/rest-client-1.7.2/lib/restclient.rb:65:in `get'
	from /home/jprice/.conky/scripts/weather.rb:15:in `<main>'
/usr/lib/ruby/1.9.1/net/http.rb:762:in `initialize': getaddrinfo: Name or service not known (SocketError)
	from /usr/lib/ruby/1.9.1/net/http.rb:762:in `open'
	from /usr/lib/ruby/1.9.1/net/http.rb:762:in `block in connect'
	from /usr/lib/ruby/1.9.1/timeout.rb:54:in `timeout'
	from /usr/lib/ruby/1.9.1/timeout.rb:99:in `timeout'
	from /usr/lib/ruby/1.9.1/net/http.rb:762:in `connect'
	from /usr/lib/ruby/1.9.1/net/http.rb:755:in `do_start'
	from /usr/lib/ruby/1.9.1/net/http.rb:744:in `start'
	from /var/lib/gems/1.9.1/gems/rest-client-1.7.2/lib/restclient/request.rb:413:in `transmit'
	from /var/lib/gems/1.9.1/gems/rest-client-1.7.2/lib/restclient/request.rb:176:in `execute'
	from /var/lib/gems/1.9.1/gems/rest-client-1.7.2/lib/restclient/request.rb:41:in `execute'
	from /var/lib/gems/1.9.1/gems/rest-client-1.7.2/lib/restclient.rb:65:in `get'
	from /home/jprice/.conky/scripts/weather.rb:15:in `<main>'
/usr/lib/ruby/1.9.1/net/imap.rb:1034:in `initialize': getaddrinfo: Name or service not known (SocketError)
	from /usr/lib/ruby/1.9.1/net/imap.rb:1034:in `open'
	from /usr/lib/ruby/1.9.1/net/imap.rb:1034:in `initialize'
	from /var/lib/gems/1.9.1/gems/ruby-gmail-0.3.1/lib/gmail.rb:21:in `new'
	from /var/lib/gems/1.9.1/gems/ruby-gmail-0.3.1/lib/gmail.rb:21:in `initialize'
	from /home/jprice/.conky/scripts/gmail.rb:5:in `new'
	from /home/jprice/.conky/scripts/gmail.rb:5:in `<main>'
/usr/lib/ruby/1.9.1/net/http.rb:762:in `initialize': getaddrinfo: Name or service not known (SocketError)
	from /usr/lib/ruby/1.9.1/net/http.rb:762:in `open'
	from /usr/lib/ruby/1.9.1/net/http.rb:762:in `block in connect'
	from /usr/lib/ruby/1.9.1/timeout.rb:54:in `timeout'
	from /usr/lib/ruby/1.9.1/timeout.rb:99:in `timeout'
	from /usr/lib/ruby/1.9.1/net/http.rb:762:in `connect'
	from /usr/lib/ruby/1.9.1/net/http.rb:755:in `do_start'
	from /usr/lib/ruby/1.9.1/net/http.rb:744:in `start'
	from /var/lib/gems/1.9.1/gems/rest-client-1.7.2/lib/restclient/request.rb:413:in `transmit'
	from /var/lib/gems/1.9.1/gems/rest-client-1.7.2/lib/restclient/request.rb:176:in `execute'
	from /var/lib/gems/1.9.1/gems/rest-client-1.7.2/lib/restclient/request.rb:41:in `execute'
	from /var/lib/gems/1.9.1/gems/rest-client-1.7.2/lib/restclient.rb:65:in `get'
	from /home/jprice/.conky/scripts/weather.rb:15:in `<main>'
/usr/lib/ruby/1.9.1/net/http.rb:762:in `initialize': getaddrinfo: Name or service not known (SocketError)
	from /usr/lib/ruby/1.9.1/net/http.rb:762:in `open'
	from /usr/lib/ruby/1.9.1/net/http.rb:762:in `block in connect'
	from /usr/lib/ruby/1.9.1/timeout.rb:54:in `timeout'
	from /usr/lib/ruby/1.9.1/timeout.rb:99:in `timeout'
	from /usr/lib/ruby/1.9.1/net/http.rb:762:in `connect'
	from /usr/lib/ruby/1.9.1/net/http.rb:755:in `do_start'
	from /usr/lib/ruby/1.9.1/net/http.rb:744:in `start'
	from /var/lib/gems/1.9.1/gems/rest-client-1.7.2/lib/restclient/request.rb:413:in `transmit'
	from /var/lib/gems/1.9.1/gems/rest-client-1.7.2/lib/restclient/request.rb:176:in `execute'
	from /var/lib/gems/1.9.1/gems/rest-client-1.7.2/lib/restclient/request.rb:41:in `execute'
	from /var/lib/gems/1.9.1/gems/rest-client-1.7.2/lib/restclient.rb:65:in `get'
	from /home/jprice/.conky/scripts/weather.rb:15:in `<main>'
/usr/lib/ruby/1.9.1/net/imap.rb:1034:in `initialize': getaddrinfo: Name or service not known (SocketError)
	from /usr/lib/ruby/1.9.1/net/imap.rb:1034:in `open'
	from /usr/lib/ruby/1.9.1/net/imap.rb:1034:in `initialize'
	from /var/lib/gems/1.9.1/gems/ruby-gmail-0.3.1/lib/gmail.rb:21:in `new'
	from /var/lib/gems/1.9.1/gems/ruby-gmail-0.3.1/lib/gmail.rb:21:in `initialize'
	from /home/jprice/.conky/scripts/gmail.rb:5:in `new'
	from /home/jprice/.conky/scripts/gmail.rb:5:in `<main>'
/usr/lib/ruby/1.9.1/net/http.rb:762:in `initialize': getaddrinfo: Name or service not known (SocketError)
	from /usr/lib/ruby/1.9.1/net/http.rb:762:in `open'
	from /usr/lib/ruby/1.9.1/net/http.rb:762:in `block in connect'
	from /usr/lib/ruby/1.9.1/timeout.rb:54:in `timeout'
	from /usr/lib/ruby/1.9.1/timeout.rb:99:in `timeout'
	from /usr/lib/ruby/1.9.1/net/http.rb:762:in `connect'
	from /usr/lib/ruby/1.9.1/net/http.rb:755:in `do_start'
	from /usr/lib/ruby/1.9.1/net/http.rb:744:in `start'
	from /var/lib/gems/1.9.1/gems/rest-client-1.7.2/lib/restclient/request.rb:413:in `transmit'
	from /var/lib/gems/1.9.1/gems/rest-client-1.7.2/lib/restclient/request.rb:176:in `execute'
	from /var/lib/gems/1.9.1/gems/rest-client-1.7.2/lib/restclient/request.rb:41:in `execute'
	from /var/lib/gems/1.9.1/gems/rest-client-1.7.2/lib/restclient.rb:65:in `get'
	from /home/jprice/.conky/scripts/weather.rb:15:in `<main>'
/usr/lib/ruby/1.9.1/net/http.rb:762:in `initialize': getaddrinfo: Name or service not known (SocketError)
	from /usr/lib/ruby/1.9.1/net/http.rb:762:in `open'
	from /usr/lib/ruby/1.9.1/net/http.rb:762:in `block in connect'
	from /usr/lib/ruby/1.9.1/timeout.rb:54:in `timeout'
	from /usr/lib/ruby/1.9.1/timeout.rb:99:in `timeout'
	from /usr/lib/ruby/1.9.1/net/http.rb:762:in `connect'
	from /usr/lib/ruby/1.9.1/net/http.rb:755:in `do_start'
	from /usr/lib/ruby/1.9.1/net/http.rb:744:in `start'
	from /var/lib/gems/1.9.1/gems/rest-client-1.7.2/lib/restclient/request.rb:413:in `transmit'
	from /var/lib/gems/1.9.1/gems/rest-client-1.7.2/lib/restclient/request.rb:176:in `execute'
	from /var/lib/gems/1.9.1/gems/rest-client-1.7.2/lib/restclient/request.rb:41:in `execute'
	from /var/lib/gems/1.9.1/gems/rest-client-1.7.2/lib/restclient.rb:65:in `get'
	from /home/jprice/.conky/scripts/weather.rb:15:in `<main>'
/usr/lib/ruby/1.9.1/net/imap.rb:1034:in `initialize': getaddrinfo: Name or service not known (SocketError)
	from /usr/lib/ruby/1.9.1/net/imap.rb:1034:in `open'
	from /usr/lib/ruby/1.9.1/net/imap.rb:1034:in `initialize'
	from /var/lib/gems/1.9.1/gems/ruby-gmail-0.3.1/lib/gmail.rb:21:in `new'
	from /var/lib/gems/1.9.1/gems/ruby-gmail-0.3.1/lib/gmail.rb:21:in `initialize'
	from /home/jprice/.conky/scripts/gmail.rb:5:in `new'
	from /home/jprice/.conky/scripts/gmail.rb:5:in `<main>'
/usr/lib/ruby/1.9.1/net/http.rb:762:in `initialize': getaddrinfo: Name or service not known (SocketError)
	from /usr/lib/ruby/1.9.1/net/http.rb:762:in `open'
	from /usr/lib/ruby/1.9.1/net/http.rb:762:in `block in connect'
	from /usr/lib/ruby/1.9.1/timeout.rb:54:in `timeout'
	from /usr/lib/ruby/1.9.1/timeout.rb:99:in `timeout'
	from /usr/lib/ruby/1.9.1/net/http.rb:762:in `connect'
	from /usr/lib/ruby/1.9.1/net/http.rb:755:in `do_start'
	from /usr/lib/ruby/1.9.1/net/http.rb:744:in `start'
	from /var/lib/gems/1.9.1/gems/rest-client-1.7.2/lib/restclient/request.rb:413:in `transmit'
	from /var/lib/gems/1.9.1/gems/rest-client-1.7.2/lib/restclient/request.rb:176:in `execute'
	from /var/lib/gems/1.9.1/gems/rest-client-1.7.2/lib/restclient/request.rb:41:in `execute'
	from /var/lib/gems/1.9.1/gems/rest-client-1.7.2/lib/restclient.rb:65:in `get'
	from /home/jprice/.conky/scripts/weather.rb:15:in `<main>'
/usr/lib/ruby/1.9.1/net/http.rb:762:in `initialize': getaddrinfo: Name or service not known (SocketError)
	from /usr/lib/ruby/1.9.1/net/http.rb:762:in `open'
	from /usr/lib/ruby/1.9.1/net/http.rb:762:in `block in connect'
	from /usr/lib/ruby/1.9.1/timeout.rb:54:in `timeout'
	from /usr/lib/ruby/1.9.1/timeout.rb:99:in `timeout'
	from /usr/lib/ruby/1.9.1/net/http.rb:762:in `connect'
	from /usr/lib/ruby/1.9.1/net/http.rb:755:in `do_start'
	from /usr/lib/ruby/1.9.1/net/http.rb:744:in `start'
	from /var/lib/gems/1.9.1/gems/rest-client-1.7.2/lib/restclient/request.rb:413:in `transmit'
	from /var/lib/gems/1.9.1/gems/rest-client-1.7.2/lib/restclient/request.rb:176:in `execute'
	from /var/lib/gems/1.9.1/gems/rest-client-1.7.2/lib/restclient/request.rb:41:in `execute'
	from /var/lib/gems/1.9.1/gems/rest-client-1.7.2/lib/restclient.rb:65:in `get'
	from /home/jprice/.conky/scripts/weather.rb:15:in `<main>'
/usr/lib/ruby/1.9.1/net/imap.rb:1034:in `initialize': getaddrinfo: Name or service not known (SocketError)
	from /usr/lib/ruby/1.9.1/net/imap.rb:1034:in `open'
	from /usr/lib/ruby/1.9.1/net/imap.rb:1034:in `initialize'
	from /var/lib/gems/1.9.1/gems/ruby-gmail-0.3.1/lib/gmail.rb:21:in `new'
	from /var/lib/gems/1.9.1/gems/ruby-gmail-0.3.1/lib/gmail.rb:21:in `initialize'
	from /home/jprice/.conky/scripts/gmail.rb:5:in `new'
	from /home/jprice/.conky/scripts/gmail.rb:5:in `<main>'
/usr/lib/ruby/1.9.1/net/http.rb:762:in `initialize': getaddrinfo: Name or service not known (SocketError)
	from /usr/lib/ruby/1.9.1/net/http.rb:762:in `open'
	from /usr/lib/ruby/1.9.1/net/http.rb:762:in `block in connect'
	from /usr/lib/ruby/1.9.1/timeout.rb:54:in `timeout'
	from /usr/lib/ruby/1.9.1/timeout.rb:99:in `timeout'
	from /usr/lib/ruby/1.9.1/net/http.rb:762:in `connect'
	from /usr/lib/ruby/1.9.1/net/http.rb:755:in `do_start'
	from /usr/lib/ruby/1.9.1/net/http.rb:744:in `start'
	from /var/lib/gems/1.9.1/gems/rest-client-1.7.2/lib/restclient/request.rb:413:in `transmit'
	from /var/lib/gems/1.9.1/gems/rest-client-1.7.2/lib/restclient/request.rb:176:in `execute'
	from /var/lib/gems/1.9.1/gems/rest-client-1.7.2/lib/restclient/request.rb:41:in `execute'
	from /var/lib/gems/1.9.1/gems/rest-client-1.7.2/lib/restclient.rb:65:in `get'
	from /home/jprice/.conky/scripts/weather.rb:15:in `<main>'
/usr/lib/ruby/1.9.1/net/http.rb:762:in `initialize': getaddrinfo: Name or service not known (SocketError)
	from /usr/lib/ruby/1.9.1/net/http.rb:762:in `open'
	from /usr/lib/ruby/1.9.1/net/http.rb:762:in `block in connect'
	from /usr/lib/ruby/1.9.1/timeout.rb:54:in `timeout'
	from /usr/lib/ruby/1.9.1/timeout.rb:99:in `timeout'
	from /usr/lib/ruby/1.9.1/net/http.rb:762:in `connect'
	from /usr/lib/ruby/1.9.1/net/http.rb:755:in `do_start'
	from /usr/lib/ruby/1.9.1/net/http.rb:744:in `start'
	from /var/lib/gems/1.9.1/gems/rest-client-1.7.2/lib/restclient/request.rb:413:in `transmit'
	from /var/lib/gems/1.9.1/gems/rest-client-1.7.2/lib/restclient/request.rb:176:in `execute'
	from /var/lib/gems/1.9.1/gems/rest-client-1.7.2/lib/restclient/request.rb:41:in `execute'
	from /var/lib/gems/1.9.1/gems/rest-client-1.7.2/lib/restclient.rb:65:in `get'
	from /home/jprice/.conky/scripts/weather.rb:15:in `<main>'
/usr/lib/ruby/1.9.1/net/imap.rb:1034:in `initialize': getaddrinfo: Name or service not known (SocketError)
	from /usr/lib/ruby/1.9.1/net/imap.rb:1034:in `open'
	from /usr/lib/ruby/1.9.1/net/imap.rb:1034:in `initialize'
	from /var/lib/gems/1.9.1/gems/ruby-gmail-0.3.1/lib/gmail.rb:21:in `new'
	from /var/lib/gems/1.9.1/gems/ruby-gmail-0.3.1/lib/gmail.rb:21:in `initialize'
	from /home/jprice/.conky/scripts/gmail.rb:5:in `new'
	from /home/jprice/.conky/scripts/gmail.rb:5:in `<main>'
/usr/lib/ruby/1.9.1/net/http.rb:762:in `initialize': getaddrinfo: Name or service not known (SocketError)
	from /usr/lib/ruby/1.9.1/net/http.rb:762:in `open'
	from /usr/lib/ruby/1.9.1/net/http.rb:762:in `block in connect'
	from /usr/lib/ruby/1.9.1/timeout.rb:54:in `timeout'
	from /usr/lib/ruby/1.9.1/timeout.rb:99:in `timeout'
	from /usr/lib/ruby/1.9.1/net/http.rb:762:in `connect'
	from /usr/lib/ruby/1.9.1/net/http.rb:755:in `do_start'
	from /usr/lib/ruby/1.9.1/net/http.rb:744:in `start'
	from /var/lib/gems/1.9.1/gems/rest-client-1.7.2/lib/restclient/request.rb:413:in `transmit'
	from /var/lib/gems/1.9.1/gems/rest-client-1.7.2/lib/restclient/request.rb:176:in `execute'
	from /var/lib/gems/1.9.1/gems/rest-client-1.7.2/lib/restclient/request.rb:41:in `execute'
	from /var/lib/gems/1.9.1/gems/rest-client-1.7.2/lib/restclient.rb:65:in `get'
	from /home/jprice/.conky/scripts/weather.rb:15:in `<main>'
/usr/lib/ruby/1.9.1/net/imap.rb:1034:in `initialize': getaddrinfo: Name or service not known (SocketError)
	from /usr/lib/ruby/1.9.1/net/imap.rb:1034:in `open'
	from /usr/lib/ruby/1.9.1/net/imap.rb:1034:in `initialize'
	from /var/lib/gems/1.9.1/gems/ruby-gmail-0.3.1/lib/gmail.rb:21:in `new'
	from /var/lib/gems/1.9.1/gems/ruby-gmail-0.3.1/lib/gmail.rb:21:in `initialize'
	from /home/jprice/.conky/scripts/gmail.rb:5:in `new'
	from /home/jprice/.conky/scripts/gmail.rb:5:in `<main>'
/usr/lib/ruby/1.9.1/net/http.rb:762:in `initialize': getaddrinfo: Name or service not known (SocketError)
	from /usr/lib/ruby/1.9.1/net/http.rb:762:in `open'
	from /usr/lib/ruby/1.9.1/net/http.rb:762:in `block in connect'
	from /usr/lib/ruby/1.9.1/timeout.rb:54:in `timeout'
	from /usr/lib/ruby/1.9.1/timeout.rb:99:in `timeout'
	from /usr/lib/ruby/1.9.1/net/http.rb:762:in `connect'
	from /usr/lib/ruby/1.9.1/net/http.rb:755:in `do_start'
	from /usr/lib/ruby/1.9.1/net/http.rb:744:in `start'
	from /var/lib/gems/1.9.1/gems/rest-client-1.7.2/lib/restclient/request.rb:413:in `transmit'
	from /var/lib/gems/1.9.1/gems/rest-client-1.7.2/lib/restclient/request.rb:176:in `execute'
	from /var/lib/gems/1.9.1/gems/rest-client-1.7.2/lib/restclient/request.rb:41:in `execute'
	from /var/lib/gems/1.9.1/gems/rest-client-1.7.2/lib/restclient.rb:65:in `get'
	from /home/jprice/.conky/scripts/weather.rb:15:in `<main>'
/usr/lib/ruby/1.9.1/net/http.rb:762:in `initialize': getaddrinfo: Name or service not known (SocketError)
	from /usr/lib/ruby/1.9.1/net/http.rb:762:in `open'
	from /usr/lib/ruby/1.9.1/net/http.rb:762:in `block in connect'
	from /usr/lib/ruby/1.9.1/timeout.rb:54:in `timeout'
	from /usr/lib/ruby/1.9.1/timeout.rb:99:in `timeout'
	from /usr/lib/ruby/1.9.1/net/http.rb:762:in `connect'
	from /usr/lib/ruby/1.9.1/net/http.rb:755:in `do_start'
	from /usr/lib/ruby/1.9.1/net/http.rb:744:in `start'
	from /var/lib/gems/1.9.1/gems/rest-client-1.7.2/lib/restclient/request.rb:413:in `transmit'
	from /var/lib/gems/1.9.1/gems/rest-client-1.7.2/lib/restclient/request.rb:176:in `execute'
	from /var/lib/gems/1.9.1/gems/rest-client-1.7.2/lib/restclient/request.rb:41:in `execute'
	from /var/lib/gems/1.9.1/gems/rest-client-1.7.2/lib/restclient.rb:65:in `get'
	from /home/jprice/.conky/scripts/weather.rb:15:in `<main>'
/usr/lib/ruby/1.9.1/net/imap.rb:1034:in `initialize': getaddrinfo: Name or service not known (SocketError)
	from /usr/lib/ruby/1.9.1/net/imap.rb:1034:in `open'
	from /usr/lib/ruby/1.9.1/net/imap.rb:1034:in `initialize'
	from /var/lib/gems/1.9.1/gems/ruby-gmail-0.3.1/lib/gmail.rb:21:in `new'
	from /var/lib/gems/1.9.1/gems/ruby-gmail-0.3.1/lib/gmail.rb:21:in `initialize'
	from /home/jprice/.conky/scripts/gmail.rb:5:in `new'
	from /home/jprice/.conky/scripts/gmail.rb:5:in `<main>'
/usr/lib/ruby/1.9.1/net/http.rb:762:in `initialize': getaddrinfo: Name or service not known (SocketError)
	from /usr/lib/ruby/1.9.1/net/http.rb:762:in `open'
	from /usr/lib/ruby/1.9.1/net/http.rb:762:in `block in connect'
	from /usr/lib/ruby/1.9.1/timeout.rb:54:in `timeout'
	from /usr/lib/ruby/1.9.1/timeout.rb:99:in `timeout'
	from /usr/lib/ruby/1.9.1/net/http.rb:762:in `connect'
	from /usr/lib/ruby/1.9.1/net/http.rb:755:in `do_start'
	from /usr/lib/ruby/1.9.1/net/http.rb:744:in `start'
	from /var/lib/gems/1.9.1/gems/rest-client-1.7.2/lib/restclient/request.rb:413:in `transmit'
	from /var/lib/gems/1.9.1/gems/rest-client-1.7.2/lib/restclient/request.rb:176:in `execute'
	from /var/lib/gems/1.9.1/gems/rest-client-1.7.2/lib/restclient/request.rb:41:in `execute'
	from /var/lib/gems/1.9.1/gems/rest-client-1.7.2/lib/restclient.rb:65:in `get'
	from /home/jprice/.conky/scripts/weather.rb:15:in `<main>'
/usr/lib/ruby/1.9.1/net/imap.rb:1034:in `initialize': getaddrinfo: Name or service not known (SocketError)
	from /usr/lib/ruby/1.9.1/net/imap.rb:1034:in `open'
	from /usr/lib/ruby/1.9.1/net/imap.rb:1034:in `initialize'
	from /var/lib/gems/1.9.1/gems/ruby-gmail-0.3.1/lib/gmail.rb:21:in `new'
	from /var/lib/gems/1.9.1/gems/ruby-gmail-0.3.1/lib/gmail.rb:21:in `initialize'
	from /home/jprice/.conky/scripts/gmail.rb:5:in `new'
	from /home/jprice/.conky/scripts/gmail.rb:5:in `<main>'
/usr/lib/ruby/1.9.1/net/http.rb:762:in `initialize': getaddrinfo: Name or service not known (SocketError)
	from /usr/lib/ruby/1.9.1/net/http.rb:762:in `open'
	from /usr/lib/ruby/1.9.1/net/http.rb:762:in `block in connect'
	from /usr/lib/ruby/1.9.1/timeout.rb:54:in `timeout'
	from /usr/lib/ruby/1.9.1/timeout.rb:99:in `timeout'
	from /usr/lib/ruby/1.9.1/net/http.rb:762:in `connect'
	from /usr/lib/ruby/1.9.1/net/http.rb:755:in `do_start'
	from /usr/lib/ruby/1.9.1/net/http.rb:744:in `start'
	from /var/lib/gems/1.9.1/gems/rest-client-1.7.2/lib/restclient/request.rb:413:in `transmit'
	from /var/lib/gems/1.9.1/gems/rest-client-1.7.2/lib/restclient/request.rb:176:in `execute'
	from /var/lib/gems/1.9.1/gems/rest-client-1.7.2/lib/restclient/request.rb:41:in `execute'
	from /var/lib/gems/1.9.1/gems/rest-client-1.7.2/lib/restclient.rb:65:in `get'
	from /home/jprice/.conky/scripts/weather.rb:15:in `<main>'
/usr/lib/ruby/1.9.1/net/http.rb:762:in `initialize': getaddrinfo: Name or service not known (SocketError)
	from /usr/lib/ruby/1.9.1/net/http.rb:762:in `open'
	from /usr/lib/ruby/1.9.1/net/http.rb:762:in `block in connect'
	from /usr/lib/ruby/1.9.1/timeout.rb:54:in `timeout'
	from /usr/lib/ruby/1.9.1/timeout.rb:99:in `timeout'
	from /usr/lib/ruby/1.9.1/net/http.rb:762:in `connect'
	from /usr/lib/ruby/1.9.1/net/http.rb:755:in `do_start'
	from /usr/lib/ruby/1.9.1/net/http.rb:744:in `start'
	from /var/lib/gems/1.9.1/gems/rest-client-1.7.2/lib/restclient/request.rb:413:in `transmit'
	from /var/lib/gems/1.9.1/gems/rest-client-1.7.2/lib/restclient/request.rb:176:in `execute'
	from /var/lib/gems/1.9.1/gems/rest-client-1.7.2/lib/restclient/request.rb:41:in `execute'
	from /var/lib/gems/1.9.1/gems/rest-client-1.7.2/lib/restclient.rb:65:in `get'
	from /home/jprice/.conky/scripts/weather.rb:15:in `<main>'
/usr/lib/ruby/1.9.1/net/imap.rb:1034:in `initialize': getaddrinfo: Name or service not known (SocketError)
	from /usr/lib/ruby/1.9.1/net/imap.rb:1034:in `open'
	from /usr/lib/ruby/1.9.1/net/imap.rb:1034:in `initialize'
	from /var/lib/gems/1.9.1/gems/ruby-gmail-0.3.1/lib/gmail.rb:21:in `new'
	from /var/lib/gems/1.9.1/gems/ruby-gmail-0.3.1/lib/gmail.rb:21:in `initialize'
	from /home/jprice/.conky/scripts/gmail.rb:5:in `new'
	from /home/jprice/.conky/scripts/gmail.rb:5:in `<main>'
/usr/lib/ruby/1.9.1/net/http.rb:762:in `initialize': getaddrinfo: Name or service not known (SocketError)
	from /usr/lib/ruby/1.9.1/net/http.rb:762:in `open'
	from /usr/lib/ruby/1.9.1/net/http.rb:762:in `block in connect'
	from /usr/lib/ruby/1.9.1/timeout.rb:54:in `timeout'
	from /usr/lib/ruby/1.9.1/timeout.rb:99:in `timeout'
	from /usr/lib/ruby/1.9.1/net/http.rb:762:in `connect'
	from /usr/lib/ruby/1.9.1/net/http.rb:755:in `do_start'
	from /usr/lib/ruby/1.9.1/net/http.rb:744:in `start'
	from /var/lib/gems/1.9.1/gems/rest-client-1.7.2/lib/restclient/request.rb:413:in `transmit'
	from /var/lib/gems/1.9.1/gems/rest-client-1.7.2/lib/restclient/request.rb:176:in `execute'
	from /var/lib/gems/1.9.1/gems/rest-client-1.7.2/lib/restclient/request.rb:41:in `execute'
	from /var/lib/gems/1.9.1/gems/rest-client-1.7.2/lib/restclient.rb:65:in `get'
	from /home/jprice/.conky/scripts/weather.rb:15:in `<main>'
/usr/lib/ruby/1.9.1/net/http.rb:762:in `initialize': getaddrinfo: Name or service not known (SocketError)
	from /usr/lib/ruby/1.9.1/net/http.rb:762:in `open'
	from /usr/lib/ruby/1.9.1/net/http.rb:762:in `block in connect'
	from /usr/lib/ruby/1.9.1/timeout.rb:54:in `timeout'
	from /usr/lib/ruby/1.9.1/timeout.rb:99:in `timeout'
	from /usr/lib/ruby/1.9.1/net/http.rb:762:in `connect'
	from /usr/lib/ruby/1.9.1/net/http.rb:755:in `do_start'
	from /usr/lib/ruby/1.9.1/net/http.rb:744:in `start'
	from /var/lib/gems/1.9.1/gems/rest-client-1.7.2/lib/restclient/request.rb:413:in `transmit'
	from /var/lib/gems/1.9.1/gems/rest-client-1.7.2/lib/restclient/request.rb:176:in `execute'
	from /var/lib/gems/1.9.1/gems/rest-client-1.7.2/lib/restclient/request.rb:41:in `execute'
	from /var/lib/gems/1.9.1/gems/rest-client-1.7.2/lib/restclient.rb:65:in `get'
	from /home/jprice/.conky/scripts/weather.rb:15:in `<main>'
/usr/lib/ruby/1.9.1/net/imap.rb:1034:in `initialize': getaddrinfo: Name or service not known (SocketError)
	from /usr/lib/ruby/1.9.1/net/imap.rb:1034:in `open'
	from /usr/lib/ruby/1.9.1/net/imap.rb:1034:in `initialize'
	from /var/lib/gems/1.9.1/gems/ruby-gmail-0.3.1/lib/gmail.rb:21:in `new'
	from /var/lib/gems/1.9.1/gems/ruby-gmail-0.3.1/lib/gmail.rb:21:in `initialize'
	from /home/jprice/.conky/scripts/gmail.rb:5:in `new'
	from /home/jprice/.conky/scripts/gmail.rb:5:in `<main>'
/usr/lib/ruby/1.9.1/net/http.rb:762:in `initialize': getaddrinfo: Name or service not known (SocketError)
	from /usr/lib/ruby/1.9.1/net/http.rb:762:in `open'
	from /usr/lib/ruby/1.9.1/net/http.rb:762:in `block in connect'
	from /usr/lib/ruby/1.9.1/timeout.rb:54:in `timeout'
	from /usr/lib/ruby/1.9.1/timeout.rb:99:in `timeout'
	from /usr/lib/ruby/1.9.1/net/http.rb:762:in `connect'
	from /usr/lib/ruby/1.9.1/net/http.rb:755:in `do_start'
	from /usr/lib/ruby/1.9.1/net/http.rb:744:in `start'
	from /var/lib/gems/1.9.1/gems/rest-client-1.7.2/lib/restclient/request.rb:413:in `transmit'
	from /var/lib/gems/1.9.1/gems/rest-client-1.7.2/lib/restclient/request.rb:176:in `execute'
	from /var/lib/gems/1.9.1/gems/rest-client-1.7.2/lib/restclient/request.rb:41:in `execute'
	from /var/lib/gems/1.9.1/gems/rest-client-1.7.2/lib/restclient.rb:65:in `get'
	from /home/jprice/.conky/scripts/weather.rb:15:in `<main>'
/usr/lib/ruby/1.9.1/net/http.rb:762:in `initialize': getaddrinfo: Name or service not known (SocketError)
	from /usr/lib/ruby/1.9.1/net/http.rb:762:in `open'
	from /usr/lib/ruby/1.9.1/net/http.rb:762:in `block in connect'
	from /usr/lib/ruby/1.9.1/timeout.rb:54:in `timeout'
	from /usr/lib/ruby/1.9.1/timeout.rb:99:in `timeout'
	from /usr/lib/ruby/1.9.1/net/http.rb:762:in `connect'
	from /usr/lib/ruby/1.9.1/net/http.rb:755:in `do_start'
	from /usr/lib/ruby/1.9.1/net/http.rb:744:in `start'
	from /var/lib/gems/1.9.1/gems/rest-client-1.7.2/lib/restclient/request.rb:413:in `transmit'
	from /var/lib/gems/1.9.1/gems/rest-client-1.7.2/lib/restclient/request.rb:176:in `execute'
	from /var/lib/gems/1.9.1/gems/rest-client-1.7.2/lib/restclient/request.rb:41:in `execute'
	from /var/lib/gems/1.9.1/gems/rest-client-1.7.2/lib/restclient.rb:65:in `get'
	from /home/jprice/.conky/scripts/weather.rb:15:in `<main>'
/usr/lib/ruby/1.9.1/net/imap.rb:1034:in `initialize': getaddrinfo: Name or service not known (SocketError)
	from /usr/lib/ruby/1.9.1/net/imap.rb:1034:in `open'
	from /usr/lib/ruby/1.9.1/net/imap.rb:1034:in `initialize'
	from /var/lib/gems/1.9.1/gems/ruby-gmail-0.3.1/lib/gmail.rb:21:in `new'
	from /var/lib/gems/1.9.1/gems/ruby-gmail-0.3.1/lib/gmail.rb:21:in `initialize'
	from /home/jprice/.conky/scripts/gmail.rb:5:in `new'
	from /home/jprice/.conky/scripts/gmail.rb:5:in `<main>'
/usr/lib/ruby/1.9.1/net/http.rb:762:in `initialize': getaddrinfo: Name or service not known (SocketError)
	from /usr/lib/ruby/1.9.1/net/http.rb:762:in `open'
	from /usr/lib/ruby/1.9.1/net/http.rb:762:in `block in connect'
	from /usr/lib/ruby/1.9.1/timeout.rb:54:in `timeout'
	from /usr/lib/ruby/1.9.1/timeout.rb:99:in `timeout'
	from /usr/lib/ruby/1.9.1/net/http.rb:762:in `connect'
	from /usr/lib/ruby/1.9.1/net/http.rb:755:in `do_start'
	from /usr/lib/ruby/1.9.1/net/http.rb:744:in `start'
	from /var/lib/gems/1.9.1/gems/rest-client-1.7.2/lib/restclient/request.rb:413:in `transmit'
	from /var/lib/gems/1.9.1/gems/rest-client-1.7.2/lib/restclient/request.rb:176:in `execute'
	from /var/lib/gems/1.9.1/gems/rest-client-1.7.2/lib/restclient/request.rb:41:in `execute'
	from /var/lib/gems/1.9.1/gems/rest-client-1.7.2/lib/restclient.rb:65:in `get'
	from /home/jprice/.conky/scripts/weather.rb:15:in `<main>'
/usr/lib/ruby/1.9.1/net/imap.rb:1034:in `initialize': getaddrinfo: Name or service not known (SocketError)
	from /usr/lib/ruby/1.9.1/net/imap.rb:1034:in `open'
	from /usr/lib/ruby/1.9.1/net/imap.rb:1034:in `initialize'
	from /var/lib/gems/1.9.1/gems/ruby-gmail-0.3.1/lib/gmail.rb:21:in `new'
	from /var/lib/gems/1.9.1/gems/ruby-gmail-0.3.1/lib/gmail.rb:21:in `initialize'
	from /home/jprice/.conky/scripts/gmail.rb:5:in `new'
	from /home/jprice/.conky/scripts/gmail.rb:5:in `<main>'
/usr/lib/ruby/1.9.1/net/http.rb:762:in `initialize': getaddrinfo: Name or service not known (SocketError)
	from /usr/lib/ruby/1.9.1/net/http.rb:762:in `open'
	from /usr/lib/ruby/1.9.1/net/http.rb:762:in `block in connect'
	from /usr/lib/ruby/1.9.1/timeout.rb:54:in `timeout'
	from /usr/lib/ruby/1.9.1/timeout.rb:99:in `timeout'
	from /usr/lib/ruby/1.9.1/net/http.rb:762:in `connect'
	from /usr/lib/ruby/1.9.1/net/http.rb:755:in `do_start'
	from /usr/lib/ruby/1.9.1/net/http.rb:744:in `start'
	from /var/lib/gems/1.9.1/gems/rest-client-1.7.2/lib/restclient/request.rb:413:in `transmit'
	from /var/lib/gems/1.9.1/gems/rest-client-1.7.2/lib/restclient/request.rb:176:in `execute'
	from /var/lib/gems/1.9.1/gems/rest-client-1.7.2/lib/restclient/request.rb:41:in `execute'
	from /var/lib/gems/1.9.1/gems/rest-client-1.7.2/lib/restclient.rb:65:in `get'
	from /home/jprice/.conky/scripts/weather.rb:15:in `<main>'
/usr/lib/ruby/1.9.1/net/http.rb:762:in `initialize': getaddrinfo: Name or service not known (SocketError)
	from /usr/lib/ruby/1.9.1/net/http.rb:762:in `open'
	from /usr/lib/ruby/1.9.1/net/http.rb:762:in `block in connect'
	from /usr/lib/ruby/1.9.1/timeout.rb:54:in `timeout'
	from /usr/lib/ruby/1.9.1/timeout.rb:99:in `timeout'
	from /usr/lib/ruby/1.9.1/net/http.rb:762:in `connect'
	from /usr/lib/ruby/1.9.1/net/http.rb:755:in `do_start'
	from /usr/lib/ruby/1.9.1/net/http.rb:744:in `start'
	from /var/lib/gems/1.9.1/gems/rest-client-1.7.2/lib/restclient/request.rb:413:in `transmit'
	from /var/lib/gems/1.9.1/gems/rest-client-1.7.2/lib/restclient/request.rb:176:in `execute'
	from /var/lib/gems/1.9.1/gems/rest-client-1.7.2/lib/restclient/request.rb:41:in `execute'
	from /var/lib/gems/1.9.1/gems/rest-client-1.7.2/lib/restclient.rb:65:in `get'
	from /home/jprice/.conky/scripts/weather.rb:15:in `<main>'
/usr/lib/ruby/1.9.1/net/imap.rb:1034:in `initialize': getaddrinfo: Name or service not known (SocketError)
	from /usr/lib/ruby/1.9.1/net/imap.rb:1034:in `open'
	from /usr/lib/ruby/1.9.1/net/imap.rb:1034:in `initialize'
	from /var/lib/gems/1.9.1/gems/ruby-gmail-0.3.1/lib/gmail.rb:21:in `new'
	from /var/lib/gems/1.9.1/gems/ruby-gmail-0.3.1/lib/gmail.rb:21:in `initialize'
	from /home/jprice/.conky/scripts/gmail.rb:5:in `new'
	from /home/jprice/.conky/scripts/gmail.rb:5:in `<main>'
/usr/lib/ruby/1.9.1/net/http.rb:762:in `initialize': getaddrinfo: Name or service not known (SocketError)
	from /usr/lib/ruby/1.9.1/net/http.rb:762:in `open'
	from /usr/lib/ruby/1.9.1/net/http.rb:762:in `block in connect'
	from /usr/lib/ruby/1.9.1/timeout.rb:54:in `timeout'
	from /usr/lib/ruby/1.9.1/timeout.rb:99:in `timeout'
	from /usr/lib/ruby/1.9.1/net/http.rb:762:in `connect'
	from /usr/lib/ruby/1.9.1/net/http.rb:755:in `do_start'
	from /usr/lib/ruby/1.9.1/net/http.rb:744:in `start'
	from /var/lib/gems/1.9.1/gems/rest-client-1.7.2/lib/restclient/request.rb:413:in `transmit'
	from /var/lib/gems/1.9.1/gems/rest-client-1.7.2/lib/restclient/request.rb:176:in `execute'
	from /var/lib/gems/1.9.1/gems/rest-client-1.7.2/lib/restclient/request.rb:41:in `execute'
	from /var/lib/gems/1.9.1/gems/rest-client-1.7.2/lib/restclient.rb:65:in `get'
	from /home/jprice/.conky/scripts/weather.rb:15:in `<main>'
/usr/lib/ruby/1.9.1/net/http.rb:762:in `initialize': getaddrinfo: Name or service not known (SocketError)
	from /usr/lib/ruby/1.9.1/net/http.rb:762:in `open'
	from /usr/lib/ruby/1.9.1/net/http.rb:762:in `block in connect'
	from /usr/lib/ruby/1.9.1/timeout.rb:54:in `timeout'
	from /usr/lib/ruby/1.9.1/timeout.rb:99:in `timeout'
	from /usr/lib/ruby/1.9.1/net/http.rb:762:in `connect'
	from /usr/lib/ruby/1.9.1/net/http.rb:755:in `do_start'
	from /usr/lib/ruby/1.9.1/net/http.rb:744:in `start'
	from /var/lib/gems/1.9.1/gems/rest-client-1.7.2/lib/restclient/request.rb:413:in `transmit'
	from /var/lib/gems/1.9.1/gems/rest-client-1.7.2/lib/restclient/request.rb:176:in `execute'
	from /var/lib/gems/1.9.1/gems/rest-client-1.7.2/lib/restclient/request.rb:41:in `execute'
	from /var/lib/gems/1.9.1/gems/rest-client-1.7.2/lib/restclient.rb:65:in `get'
	from /home/jprice/.conky/scripts/weather.rb:15:in `<main>'
/usr/lib/ruby/1.9.1/net/imap.rb:1034:in `initialize': getaddrinfo: Name or service not known (SocketError)
	from /usr/lib/ruby/1.9.1/net/imap.rb:1034:in `open'
	from /usr/lib/ruby/1.9.1/net/imap.rb:1034:in `initialize'
	from /var/lib/gems/1.9.1/gems/ruby-gmail-0.3.1/lib/gmail.rb:21:in `new'
	from /var/lib/gems/1.9.1/gems/ruby-gmail-0.3.1/lib/gmail.rb:21:in `initialize'
	from /home/jprice/.conky/scripts/gmail.rb:5:in `new'
	from /home/jprice/.conky/scripts/gmail.rb:5:in `<main>'
/usr/lib/ruby/1.9.1/net/http.rb:762:in `initialize': getaddrinfo: Name or service not known (SocketError)
	from /usr/lib/ruby/1.9.1/net/http.rb:762:in `open'
	from /usr/lib/ruby/1.9.1/net/http.rb:762:in `block in connect'
	from /usr/lib/ruby/1.9.1/timeout.rb:54:in `timeout'
	from /usr/lib/ruby/1.9.1/timeout.rb:99:in `timeout'
	from /usr/lib/ruby/1.9.1/net/http.rb:762:in `connect'
	from /usr/lib/ruby/1.9.1/net/http.rb:755:in `do_start'
	from /usr/lib/ruby/1.9.1/net/http.rb:744:in `start'
	from /var/lib/gems/1.9.1/gems/rest-client-1.7.2/lib/restclient/request.rb:413:in `transmit'
	from /var/lib/gems/1.9.1/gems/rest-client-1.7.2/lib/restclient/request.rb:176:in `execute'
	from /var/lib/gems/1.9.1/gems/rest-client-1.7.2/lib/restclient/request.rb:41:in `execute'
	from /var/lib/gems/1.9.1/gems/rest-client-1.7.2/lib/restclient.rb:65:in `get'
	from /home/jprice/.conky/scripts/weather.rb:15:in `<main>'
/usr/lib/ruby/1.9.1/net/http.rb:762:in `initialize': getaddrinfo: Name or service not known (SocketError)
	from /usr/lib/ruby/1.9.1/net/http.rb:762:in `open'
	from /usr/lib/ruby/1.9.1/net/http.rb:762:in `block in connect'
	from /usr/lib/ruby/1.9.1/timeout.rb:54:in `timeout'
	from /usr/lib/ruby/1.9.1/timeout.rb:99:in `timeout'
	from /usr/lib/ruby/1.9.1/net/http.rb:762:in `connect'
	from /usr/lib/ruby/1.9.1/net/http.rb:755:in `do_start'
	from /usr/lib/ruby/1.9.1/net/http.rb:744:in `start'
	from /var/lib/gems/1.9.1/gems/rest-client-1.7.2/lib/restclient/request.rb:413:in `transmit'
	from /var/lib/gems/1.9.1/gems/rest-client-1.7.2/lib/restclient/request.rb:176:in `execute'
	from /var/lib/gems/1.9.1/gems/rest-client-1.7.2/lib/restclient/request.rb:41:in `execute'
	from /var/lib/gems/1.9.1/gems/rest-client-1.7.2/lib/restclient.rb:65:in `get'
	from /home/jprice/.conky/scripts/weather.rb:15:in `<main>'
/usr/lib/ruby/1.9.1/net/imap.rb:1034:in `initialize': getaddrinfo: Name or service not known (SocketError)
	from /usr/lib/ruby/1.9.1/net/imap.rb:1034:in `open'
	from /usr/lib/ruby/1.9.1/net/imap.rb:1034:in `initialize'
	from /var/lib/gems/1.9.1/gems/ruby-gmail-0.3.1/lib/gmail.rb:21:in `new'
	from /var/lib/gems/1.9.1/gems/ruby-gmail-0.3.1/lib/gmail.rb:21:in `initialize'
	from /home/jprice/.conky/scripts/gmail.rb:5:in `new'
	from /home/jprice/.conky/scripts/gmail.rb:5:in `<main>'
/usr/lib/ruby/1.9.1/net/http.rb:762:in `initialize': getaddrinfo: Name or service not known (SocketError)
	from /usr/lib/ruby/1.9.1/net/http.rb:762:in `open'
	from /usr/lib/ruby/1.9.1/net/http.rb:762:in `block in connect'
	from /usr/lib/ruby/1.9.1/timeout.rb:54:in `timeout'
	from /usr/lib/ruby/1.9.1/timeout.rb:99:in `timeout'
	from /usr/lib/ruby/1.9.1/net/http.rb:762:in `connect'
	from /usr/lib/ruby/1.9.1/net/http.rb:755:in `do_start'
	from /usr/lib/ruby/1.9.1/net/http.rb:744:in `start'
	from /var/lib/gems/1.9.1/gems/rest-client-1.7.2/lib/restclient/request.rb:413:in `transmit'
	from /var/lib/gems/1.9.1/gems/rest-client-1.7.2/lib/restclient/request.rb:176:in `execute'
	from /var/lib/gems/1.9.1/gems/rest-client-1.7.2/lib/restclient/request.rb:41:in `execute'
	from /var/lib/gems/1.9.1/gems/rest-client-1.7.2/lib/restclient.rb:65:in `get'
	from /home/jprice/.conky/scripts/weather.rb:15:in `<main>'
/usr/lib/ruby/1.9.1/net/imap.rb:1034:in `initialize': getaddrinfo: Name or service not known (SocketError)
	from /usr/lib/ruby/1.9.1/net/imap.rb:1034:in `open'
	from /usr/lib/ruby/1.9.1/net/imap.rb:1034:in `initialize'
	from /var/lib/gems/1.9.1/gems/ruby-gmail-0.3.1/lib/gmail.rb:21:in `new'
	from /var/lib/gems/1.9.1/gems/ruby-gmail-0.3.1/lib/gmail.rb:21:in `initialize'
	from /home/jprice/.conky/scripts/gmail.rb:5:in `new'
	from /home/jprice/.conky/scripts/gmail.rb:5:in `<main>'
/usr/lib/ruby/1.9.1/net/http.rb:762:in `initialize': getaddrinfo: Name or service not known (SocketError)
	from /usr/lib/ruby/1.9.1/net/http.rb:762:in `open'
	from /usr/lib/ruby/1.9.1/net/http.rb:762:in `block in connect'
	from /usr/lib/ruby/1.9.1/timeout.rb:54:in `timeout'
	from /usr/lib/ruby/1.9.1/timeout.rb:99:in `timeout'
	from /usr/lib/ruby/1.9.1/net/http.rb:762:in `connect'
	from /usr/lib/ruby/1.9.1/net/http.rb:755:in `do_start'
	from /usr/lib/ruby/1.9.1/net/http.rb:744:in `start'
	from /var/lib/gems/1.9.1/gems/rest-client-1.7.2/lib/restclient/request.rb:413:in `transmit'
	from /var/lib/gems/1.9.1/gems/rest-client-1.7.2/lib/restclient/request.rb:176:in `execute'
	from /var/lib/gems/1.9.1/gems/rest-client-1.7.2/lib/restclient/request.rb:41:in `execute'
	from /var/lib/gems/1.9.1/gems/rest-client-1.7.2/lib/restclient.rb:65:in `get'
	from /home/jprice/.conky/scripts/weather.rb:15:in `<main>'
/usr/lib/ruby/1.9.1/net/http.rb:762:in `initialize': getaddrinfo: Name or service not known (SocketError)
	from /usr/lib/ruby/1.9.1/net/http.rb:762:in `open'
	from /usr/lib/ruby/1.9.1/net/http.rb:762:in `block in connect'
	from /usr/lib/ruby/1.9.1/timeout.rb:54:in `timeout'
	from /usr/lib/ruby/1.9.1/timeout.rb:99:in `timeout'
	from /usr/lib/ruby/1.9.1/net/http.rb:762:in `connect'
	from /usr/lib/ruby/1.9.1/net/http.rb:755:in `do_start'
	from /usr/lib/ruby/1.9.1/net/http.rb:744:in `start'
	from /var/lib/gems/1.9.1/gems/rest-client-1.7.2/lib/restclient/request.rb:413:in `transmit'
	from /var/lib/gems/1.9.1/gems/rest-client-1.7.2/lib/restclient/request.rb:176:in `execute'
	from /var/lib/gems/1.9.1/gems/rest-client-1.7.2/lib/restclient/request.rb:41:in `execute'
	from /var/lib/gems/1.9.1/gems/rest-client-1.7.2/lib/restclient.rb:65:in `get'
	from /home/jprice/.conky/scripts/weather.rb:15:in `<main>'
/usr/lib/ruby/1.9.1/net/imap.rb:1034:in `initialize': getaddrinfo: Name or service not known (SocketError)
	from /usr/lib/ruby/1.9.1/net/imap.rb:1034:in `open'
	from /usr/lib/ruby/1.9.1/net/imap.rb:1034:in `initialize'
	from /var/lib/gems/1.9.1/gems/ruby-gmail-0.3.1/lib/gmail.rb:21:in `new'
	from /var/lib/gems/1.9.1/gems/ruby-gmail-0.3.1/lib/gmail.rb:21:in `initialize'
	from /home/jprice/.conky/scripts/gmail.rb:5:in `new'
	from /home/jprice/.conky/scripts/gmail.rb:5:in `<main>'
/usr/lib/ruby/1.9.1/net/http.rb:762:in `initialize': getaddrinfo: Name or service not known (SocketError)
	from /usr/lib/ruby/1.9.1/net/http.rb:762:in `open'
	from /usr/lib/ruby/1.9.1/net/http.rb:762:in `block in connect'
	from /usr/lib/ruby/1.9.1/timeout.rb:54:in `timeout'
	from /usr/lib/ruby/1.9.1/timeout.rb:99:in `timeout'
	from /usr/lib/ruby/1.9.1/net/http.rb:762:in `connect'
	from /usr/lib/ruby/1.9.1/net/http.rb:755:in `do_start'
	from /usr/lib/ruby/1.9.1/net/http.rb:744:in `start'
	from /var/lib/gems/1.9.1/gems/rest-client-1.7.2/lib/restclient/request.rb:413:in `transmit'
	from /var/lib/gems/1.9.1/gems/rest-client-1.7.2/lib/restclient/request.rb:176:in `execute'
	from /var/lib/gems/1.9.1/gems/rest-client-1.7.2/lib/restclient/request.rb:41:in `execute'
	from /var/lib/gems/1.9.1/gems/rest-client-1.7.2/lib/restclient.rb:65:in `get'
	from /home/jprice/.conky/scripts/weather.rb:15:in `<main>'
/usr/lib/ruby/1.9.1/net/http.rb:762:in `initialize': getaddrinfo: Name or service not known (SocketError)
	from /usr/lib/ruby/1.9.1/net/http.rb:762:in `open'
	from /usr/lib/ruby/1.9.1/net/http.rb:762:in `block in connect'
	from /usr/lib/ruby/1.9.1/timeout.rb:54:in `timeout'
	from /usr/lib/ruby/1.9.1/timeout.rb:99:in `timeout'
	from /usr/lib/ruby/1.9.1/net/http.rb:762:in `connect'
	from /usr/lib/ruby/1.9.1/net/http.rb:755:in `do_start'
	from /usr/lib/ruby/1.9.1/net/http.rb:744:in `start'
	from /var/lib/gems/1.9.1/gems/rest-client-1.7.2/lib/restclient/request.rb:413:in `transmit'
	from /var/lib/gems/1.9.1/gems/rest-client-1.7.2/lib/restclient/request.rb:176:in `execute'
	from /var/lib/gems/1.9.1/gems/rest-client-1.7.2/lib/restclient/request.rb:41:in `execute'
	from /var/lib/gems/1.9.1/gems/rest-client-1.7.2/lib/restclient.rb:65:in `get'
	from /home/jprice/.conky/scripts/weather.rb:15:in `<main>'
/usr/lib/ruby/1.9.1/net/imap.rb:1034:in `initialize': getaddrinfo: Name or service not known (SocketError)
	from /usr/lib/ruby/1.9.1/net/imap.rb:1034:in `open'
	from /usr/lib/ruby/1.9.1/net/imap.rb:1034:in `initialize'
	from /var/lib/gems/1.9.1/gems/ruby-gmail-0.3.1/lib/gmail.rb:21:in `new'
	from /var/lib/gems/1.9.1/gems/ruby-gmail-0.3.1/lib/gmail.rb:21:in `initialize'
	from /home/jprice/.conky/scripts/gmail.rb:5:in `new'
	from /home/jprice/.conky/scripts/gmail.rb:5:in `<main>'
/usr/lib/ruby/1.9.1/net/http.rb:762:in `initialize': getaddrinfo: Name or service not known (SocketError)
	from /usr/lib/ruby/1.9.1/net/http.rb:762:in `open'
	from /usr/lib/ruby/1.9.1/net/http.rb:762:in `block in connect'
	from /usr/lib/ruby/1.9.1/timeout.rb:54:in `timeout'
	from /usr/lib/ruby/1.9.1/timeout.rb:99:in `timeout'
	from /usr/lib/ruby/1.9.1/net/http.rb:762:in `connect'
	from /usr/lib/ruby/1.9.1/net/http.rb:755:in `do_start'
	from /usr/lib/ruby/1.9.1/net/http.rb:744:in `start'
	from /var/lib/gems/1.9.1/gems/rest-client-1.7.2/lib/restclient/request.rb:413:in `transmit'
	from /var/lib/gems/1.9.1/gems/rest-client-1.7.2/lib/restclient/request.rb:176:in `execute'
	from /var/lib/gems/1.9.1/gems/rest-client-1.7.2/lib/restclient/request.rb:41:in `execute'
	from /var/lib/gems/1.9.1/gems/rest-client-1.7.2/lib/restclient.rb:65:in `get'
	from /home/jprice/.conky/scripts/weather.rb:15:in `<main>'
/usr/lib/ruby/1.9.1/net/http.rb:762:in `initialize': getaddrinfo: Name or service not known (SocketError)
	from /usr/lib/ruby/1.9.1/net/http.rb:762:in `open'
	from /usr/lib/ruby/1.9.1/net/http.rb:762:in `block in connect'
	from /usr/lib/ruby/1.9.1/timeout.rb:54:in `timeout'
	from /usr/lib/ruby/1.9.1/timeout.rb:99:in `timeout'
	from /usr/lib/ruby/1.9.1/net/http.rb:762:in `connect'
	from /usr/lib/ruby/1.9.1/net/http.rb:755:in `do_start'
	from /usr/lib/ruby/1.9.1/net/http.rb:744:in `start'
	from /var/lib/gems/1.9.1/gems/rest-client-1.7.2/lib/restclient/request.rb:413:in `transmit'
	from /var/lib/gems/1.9.1/gems/rest-client-1.7.2/lib/restclient/request.rb:176:in `execute'
	from /var/lib/gems/1.9.1/gems/rest-client-1.7.2/lib/restclient/request.rb:41:in `execute'
	from /var/lib/gems/1.9.1/gems/rest-client-1.7.2/lib/restclient.rb:65:in `get'
	from /home/jprice/.conky/scripts/weather.rb:15:in `<main>'
/usr/lib/ruby/1.9.1/net/imap.rb:1034:in `initialize': getaddrinfo: Name or service not known (SocketError)
	from /usr/lib/ruby/1.9.1/net/imap.rb:1034:in `open'
	from /usr/lib/ruby/1.9.1/net/imap.rb:1034:in `initialize'
	from /var/lib/gems/1.9.1/gems/ruby-gmail-0.3.1/lib/gmail.rb:21:in `new'
	from /var/lib/gems/1.9.1/gems/ruby-gmail-0.3.1/lib/gmail.rb:21:in `initialize'
	from /home/jprice/.conky/scripts/gmail.rb:5:in `new'
	from /home/jprice/.conky/scripts/gmail.rb:5:in `<main>'
/usr/lib/ruby/1.9.1/net/http.rb:762:in `initialize': getaddrinfo: Name or service not known (SocketError)
	from /usr/lib/ruby/1.9.1/net/http.rb:762:in `open'
	from /usr/lib/ruby/1.9.1/net/http.rb:762:in `block in connect'
	from /usr/lib/ruby/1.9.1/timeout.rb:54:in `timeout'
	from /usr/lib/ruby/1.9.1/timeout.rb:99:in `timeout'
	from /usr/lib/ruby/1.9.1/net/http.rb:762:in `connect'
	from /usr/lib/ruby/1.9.1/net/http.rb:755:in `do_start'
	from /usr/lib/ruby/1.9.1/net/http.rb:744:in `start'
	from /var/lib/gems/1.9.1/gems/rest-client-1.7.2/lib/restclient/request.rb:413:in `transmit'
	from /var/lib/gems/1.9.1/gems/rest-client-1.7.2/lib/restclient/request.rb:176:in `execute'
	from /var/lib/gems/1.9.1/gems/rest-client-1.7.2/lib/restclient/request.rb:41:in `execute'
	from /var/lib/gems/1.9.1/gems/rest-client-1.7.2/lib/restclient.rb:65:in `get'
	from /home/jprice/.conky/scripts/weather.rb:15:in `<main>'
XIO:  fatal IO error 11 (Resource temporarily unavailable) on X server ":0.0"
      after 470520 requests (470512 known processed) with 0 events remaining.
XIO:  fatal IO error 11 (Resource temporarily unavailable) on X server ":0.0"
      after 10104703 requests (10104693 known processed) with 0 events remaining.
XIO:  fatal IO error 11 (Resource temporarily unavailable) on X server ":0.0"
      after 52827 requests (52815 known processed) with 0 events remaining.
XIO:  fatal IO error 11 (Resource temporarily unavailable) on X server ":0.0"
      after 5201 requests (5187 known processed) with 0 events remaining.
XIO:  fatal IO error 11 (Resource temporarily unavailable) on X server ":0.0"
      after 7657624 requests (7657624 known processed) with 12 events remaining.
Conky: forked to background, pid is 4582

Conky: desktop window (b0) is root window
Conky: window type - normal
Conky: drawing to created window (0x1a00002)
Conky: drawing to double buffer
Conky: forked to background, pid is 4586

Conky: desktop window (b0) is root window
Conky: window type - normal
Conky: drawing to created window (0x3400002)
Conky: drawing to double buffer
Conky: forked to background, pid is 4597
Conky: forked to background, pid is 4602

Conky: forked to background, pid is 4611
Conky: desktop window (b0) is root window
Conky: window type - normal
Conky: drawing to created window (0x3600002)
Conky: drawing to double buffer

Conky: desktop window (b0) is root window
Conky: window type - normal
Conky: drawing to created window (0x3800002)
Conky: drawing to double buffer

Conky: desktop window (b0) is root window
Conky: window type - normal
Conky: drawing to created window (0x3a00002)
Conky: drawing to double buffer
/usr/lib/ruby/1.9.1/net/imap.rb:1439:in `connect': SSL_connect SYSCALL returned=5 errno=0 state=SSLv3 read server session ticket A (OpenSSL::SSL::SSLError)
	from /usr/lib/ruby/1.9.1/net/imap.rb:1439:in `start_tls_session'
	from /usr/lib/ruby/1.9.1/net/imap.rb:1036:in `initialize'
	from /var/lib/gems/1.9.1/gems/ruby-gmail-0.3.1/lib/gmail.rb:21:in `new'
	from /var/lib/gems/1.9.1/gems/ruby-gmail-0.3.1/lib/gmail.rb:21:in `initialize'
	from /home/jprice/.conky/scripts/gmail.rb:5:in `new'
	from /home/jprice/.conky/scripts/gmail.rb:5:in `<main>'
/usr/lib/ruby/1.9.1/net/imap.rb:1034:in `initialize': getaddrinfo: Name or service not known (SocketError)
	from /usr/lib/ruby/1.9.1/net/imap.rb:1034:in `open'
	from /usr/lib/ruby/1.9.1/net/imap.rb:1034:in `initialize'
	from /var/lib/gems/1.9.1/gems/ruby-gmail-0.3.1/lib/gmail.rb:21:in `new'
	from /var/lib/gems/1.9.1/gems/ruby-gmail-0.3.1/lib/gmail.rb:21:in `initialize'
	from /home/jprice/.conky/scripts/gmail.rb:5:in `new'
	from /home/jprice/.conky/scripts/gmail.rb:5:in `<main>'
/usr/lib/ruby/1.9.1/net/http.rb:762:in `initialize': getaddrinfo: Name or service not known (SocketError)
	from /usr/lib/ruby/1.9.1/net/http.rb:762:in `open'
	from /usr/lib/ruby/1.9.1/net/http.rb:762:in `block in connect'
	from /usr/lib/ruby/1.9.1/timeout.rb:54:in `timeout'
	from /usr/lib/ruby/1.9.1/timeout.rb:99:in `timeout'
	from /usr/lib/ruby/1.9.1/net/http.rb:762:in `connect'
	from /usr/lib/ruby/1.9.1/net/http.rb:755:in `do_start'
	from /usr/lib/ruby/1.9.1/net/http.rb:744:in `start'
	from /var/lib/gems/1.9.1/gems/rest-client-1.7.2/lib/restclient/request.rb:413:in `transmit'
	from /var/lib/gems/1.9.1/gems/rest-client-1.7.2/lib/restclient/request.rb:176:in `execute'
	from /var/lib/gems/1.9.1/gems/rest-client-1.7.2/lib/restclient/request.rb:41:in `execute'
	from /var/lib/gems/1.9.1/gems/rest-client-1.7.2/lib/restclient.rb:65:in `get'
	from /home/jprice/.conky/scripts/weather.rb:15:in `<main>'
/usr/lib/ruby/1.9.1/net/imap.rb:1439:in `connect': Connection reset by peer - SSL_connect (Errno::ECONNRESET)
	from /usr/lib/ruby/1.9.1/net/imap.rb:1439:in `start_tls_session'
	from /usr/lib/ruby/1.9.1/net/imap.rb:1036:in `initialize'
	from /var/lib/gems/1.9.1/gems/ruby-gmail-0.3.1/lib/gmail.rb:21:in `new'
	from /var/lib/gems/1.9.1/gems/ruby-gmail-0.3.1/lib/gmail.rb:21:in `initialize'
	from /home/jprice/.conky/scripts/gmail.rb:5:in `new'
	from /home/jprice/.conky/scripts/gmail.rb:5:in `<main>'
/usr/lib/ruby/1.9.1/net/imap.rb:1034:in `initialize': getaddrinfo: Name or service not known (SocketError)
	from /usr/lib/ruby/1.9.1/net/imap.rb:1034:in `open'
	from /usr/lib/ruby/1.9.1/net/imap.rb:1034:in `initialize'
	from /var/lib/gems/1.9.1/gems/ruby-gmail-0.3.1/lib/gmail.rb:21:in `new'
	from /var/lib/gems/1.9.1/gems/ruby-gmail-0.3.1/lib/gmail.rb:21:in `initialize'
	from /home/jprice/.conky/scripts/gmail.rb:5:in `new'
	from /home/jprice/.conky/scripts/gmail.rb:5:in `<main>'
/usr/lib/ruby/1.9.1/net/http.rb:762:in `initialize': getaddrinfo: Name or service not known (SocketError)
	from /usr/lib/ruby/1.9.1/net/http.rb:762:in `open'
	from /usr/lib/ruby/1.9.1/net/http.rb:762:in `block in connect'
	from /usr/lib/ruby/1.9.1/timeout.rb:54:in `timeout'
	from /usr/lib/ruby/1.9.1/timeout.rb:99:in `timeout'
	from /usr/lib/ruby/1.9.1/net/http.rb:762:in `connect'
	from /usr/lib/ruby/1.9.1/net/http.rb:755:in `do_start'
	from /usr/lib/ruby/1.9.1/net/http.rb:744:in `start'
	from /var/lib/gems/1.9.1/gems/rest-client-1.7.2/lib/restclient/request.rb:413:in `transmit'
	from /var/lib/gems/1.9.1/gems/rest-client-1.7.2/lib/restclient/request.rb:176:in `execute'
	from /var/lib/gems/1.9.1/gems/rest-client-1.7.2/lib/restclient/request.rb:41:in `execute'
	from /var/lib/gems/1.9.1/gems/rest-client-1.7.2/lib/restclient.rb:65:in `get'
	from /home/jprice/.conky/scripts/weather.rb:15:in `<main>'
/usr/lib/ruby/1.9.1/net/imap.rb:1034:in `initialize': getaddrinfo: Name or service not known (SocketError)
	from /usr/lib/ruby/1.9.1/net/imap.rb:1034:in `open'
	from /usr/lib/ruby/1.9.1/net/imap.rb:1034:in `initialize'
	from /var/lib/gems/1.9.1/gems/ruby-gmail-0.3.1/lib/gmail.rb:21:in `new'
	from /var/lib/gems/1.9.1/gems/ruby-gmail-0.3.1/lib/gmail.rb:21:in `initialize'
	from /home/jprice/.conky/scripts/gmail.rb:5:in `new'
	from /home/jprice/.conky/scripts/gmail.rb:5:in `<main>'
XIO:  fatal IO error 11 (Resource temporarily unavailable) on X server ":0.0"
      after 153447 requests (153447 known processed) with 5 events remaining.
XIO:  fatal IO error 11 (Resource temporarily unavailable) on X server ":0.0"
      after 18193 requests (18193 known processed) with 5 events remaining.
XIO:  fatal IO error 11 (Resource temporarily unavailable) on X server ":0.0"
      after 4324 requests (4324 known processed) with 5 events remaining.
XIO:  fatal IO error 11 (Resource temporarily unavailable) on X server ":0.0"
      after 1006569 requests (1006569 known processed) with 5 events remaining.
XIO:  fatal IO error 11 (Resource temporarily unavailable) on X server ":0.0"
      after 2482623 requests (2482623 known processed) with 5 events remaining.
